0 verbose cli /Users/statum/Library/Application Support/Herd/config/nvm/versions/node/v22.22.0/bin/node /Users/statum/Library/Application Support/Herd/config/nvm/versions/node/v22.22.0/bin/npm
1 info using npm@11.12.1
2 info using node@v22.22.0
3 silly config load:file:/Users/statum/Library/Application Support/Herd/config/nvm/versions/node/v22.22.0/lib/node_modules/npm/npmrc
4 silly config load:file:/Users/statum/Herd/autoreachBingwaApp/.npmrc
5 silly config load:file:/Users/statum/.npmrc
6 silly config load:file:/Users/statum/Library/Application Support/Herd/config/nvm/versions/node/v22.22.0/etc/npmrc
7 verbose title npm install
8 verbose argv "install"
9 verbose logfile logs-max:10 dir:/Users/statum/Herd/autoreachBingwaApp/.npm-cache/_logs/2026-04-19T07_48_12_471Z-
10 verbose logfile /Users/statum/Herd/autoreachBingwaApp/.npm-cache/_logs/2026-04-19T07_48_12_471Z-debug-0.log
11 silly logfile done cleaning log files
12 silly packumentCache heap:4345298944 maxSize:1086324736 maxEntrySize:543162368
13 verbose shrinkwrap failed to load node_modules/.package-lock.json out of date, updated: node_modules
14 silly idealTree buildDeps
15 silly reify moves {}
16 silly audit bulk request {
16 silly audit   '@emnapi/core': [ '1.9.2' ],
16 silly audit   '@emnapi/runtime': [ '1.9.2' ],
16 silly audit   '@emnapi/wasi-threads': [ '1.2.1' ],
16 silly audit   '@jridgewell/gen-mapping': [ '0.3.13' ],
16 silly audit   '@jridgewell/remapping': [ '2.3.5' ],
16 silly audit   '@jridgewell/resolve-uri': [ '3.1.2' ],
16 silly audit   '@jridgewell/sourcemap-codec': [ '1.5.5' ],
16 silly audit   '@jridgewell/trace-mapping': [ '0.3.31' ],
16 silly audit   '@napi-rs/wasm-runtime': [ '1.1.4' ],
16 silly audit   '@oxc-project/types': [ '0.124.0' ],
16 silly audit   '@rolldown/binding-android-arm64': [ '1.0.0-rc.15' ],
16 silly audit   '@rolldown/binding-darwin-arm64': [ '1.0.0-rc.15' ],
16 silly audit   '@rolldown/binding-darwin-x64': [ '1.0.0-rc.15' ],
16 silly audit   '@rolldown/binding-freebsd-x64': [ '1.0.0-rc.15' ],
16 silly audit   '@rolldown/binding-linux-arm-gnueabihf': [ '1.0.0-rc.15' ],
16 silly audit   '@rolldown/binding-linux-arm64-gnu': [ '1.0.0-rc.15' ],
16 silly audit   '@rolldown/binding-linux-arm64-musl': [ '1.0.0-rc.15' ],
16 silly audit   '@rolldown/binding-linux-ppc64-gnu': [ '1.0.0-rc.15' ],
16 silly audit   '@rolldown/binding-linux-s390x-gnu': [ '1.0.0-rc.15' ],
16 silly audit   '@rolldown/binding-linux-x64-gnu': [ '1.0.0-rc.15' ],
16 silly audit   '@rolldown/binding-linux-x64-musl': [ '1.0.0-rc.15' ],
16 silly audit   '@rolldown/binding-openharmony-arm64': [ '1.0.0-rc.15' ],
16 silly audit   '@rolldown/binding-wasm32-wasi': [ '1.0.0-rc.15' ],
16 silly audit   '@rolldown/binding-win32-arm64-msvc': [ '1.0.0-rc.15' ],
16 silly audit   '@rolldown/binding-win32-x64-msvc': [ '1.0.0-rc.15' ],
16 silly audit   '@rolldown/pluginutils': [ '1.0.0-rc.15' ],
16 silly audit   '@rollup/rollup-linux-x64-gnu': [ '4.9.5' ],
16 silly audit   '@tailwindcss/node': [ '4.2.2' ],
16 silly audit   '@tailwindcss/oxide': [ '4.2.2' ],
16 silly audit   '@tailwindcss/oxide-android-arm64': [ '4.2.2' ],
16 silly audit   '@tailwindcss/oxide-darwin-arm64': [ '4.2.2' ],
16 silly audit   '@tailwindcss/oxide-darwin-x64': [ '4.2.2' ],
16 silly audit   '@tailwindcss/oxide-freebsd-x64': [ '4.2.2' ],
16 silly audit   '@tailwindcss/oxide-linux-arm-gnueabihf': [ '4.2.2' ],
16 silly audit   '@tailwindcss/oxide-linux-arm64-gnu': [ '4.2.2' ],
16 silly audit   '@tailwindcss/oxide-linux-arm64-musl': [ '4.2.2' ],
16 silly audit   '@tailwindcss/oxide-linux-x64-gnu': [ '4.2.2' ],
16 silly audit   '@tailwindcss/oxide-linux-x64-musl': [ '4.2.2' ],
16 silly audit   '@tailwindcss/oxide-wasm32-wasi': [ '4.2.2' ],
16 silly audit   '@tailwindcss/oxide-win32-arm64-msvc': [ '4.2.2' ],
16 silly audit   '@tailwindcss/oxide-win32-x64-msvc': [ '4.2.2' ],
16 silly audit   '@tailwindcss/vite': [ '4.2.2' ],
16 silly audit   '@tybys/wasm-util': [ '0.10.1' ],
16 silly audit   'ansi-regex': [ '5.0.1' ],
16 silly audit   'ansi-styles': [ '4.3.0' ],
16 silly audit   autoprefixer: [ '10.5.0' ],
16 silly audit   'baseline-browser-mapping': [ '2.10.20' ],
16 silly audit   browserslist: [ '4.28.2' ],
16 silly audit   'caniuse-lite': [ '1.0.30001788' ],
16 silly audit   chalk: [ '4.1.2' ],
16 silly audit   'supports-color': [ '7.2.0', '8.1.1' ],
16 silly audit   cliui: [ '8.0.1' ],
16 silly audit   'color-convert': [ '2.0.1' ],
16 silly audit   'color-name': [ '1.1.4' ],
16 silly audit   concurrently: [ '9.2.1' ],
16 silly audit   'detect-libc': [ '2.1.2' ],
16 silly audit   'electron-to-chromium': [ '1.5.340' ],
16 silly audit   'emoji-regex': [ '8.0.0' ],
16 silly audit   'enhanced-resolve': [ '5.20.1' ],
16 silly audit   escalade: [ '3.2.0' ],
16 silly audit   fdir: [ '6.5.0' ],
16 silly audit   'fraction.js': [ '5.3.4' ],
16 silly audit   fsevents: [ '2.3.3' ],
16 silly audit   'get-caller-file': [ '2.0.5' ],
16 silly audit   'graceful-fs': [ '4.2.11' ],
16 silly audit   'has-flag': [ '4.0.0' ],
16 silly audit   'is-fullwidth-code-point': [ '3.0.0' ],
16 silly audit   jiti: [ '2.6.1' ],
16 silly audit   'laravel-vite-plugin': [ '3.0.1' ],
16 silly audit   lightningcss: [ '1.32.0' ],
16 silly audit   'lightningcss-android-arm64': [ '1.32.0' ],
16 silly audit   'lightningcss-darwin-arm64': [ '1.32.0' ],
16 silly audit   'lightningcss-darwin-x64': [ '1.32.0' ],
16 silly audit   'lightningcss-freebsd-x64': [ '1.32.0' ],
16 silly audit   'lightningcss-linux-arm-gnueabihf': [ '1.32.0' ],
16 silly audit   'lightningcss-linux-arm64-gnu': [ '1.32.0' ],
16 silly audit   'lightningcss-linux-arm64-musl': [ '1.32.0' ],
16 silly audit   'lightningcss-linux-x64-gnu': [ '1.32.0' ],
16 silly audit   'lightningcss-linux-x64-musl': [ '1.32.0' ],
16 silly audit   'lightningcss-win32-arm64-msvc': [ '1.32.0' ],
16 silly audit   'lightningcss-win32-x64-msvc': [ '1.32.0' ],
16 silly audit   'magic-string': [ '0.30.21' ],
16 silly audit   nanoid: [ '3.3.11' ],
16 silly audit   'node-releases': [ '2.0.37' ],
16 silly audit   picocolors: [ '1.1.1' ],
16 silly audit   picomatch: [ '4.0.4', '2.3.2' ],
16 silly audit   postcss: [ '8.5.10' ],
16 silly audit   'postcss-value-parser': [ '4.2.0' ],
16 silly audit   'require-directory': [ '2.1.1' ],
16 silly audit   rolldown: [ '1.0.0-rc.15' ],
16 silly audit   rxjs: [ '7.8.2' ],
16 silly audit   'shell-quote': [ '1.8.3' ],
16 silly audit   'source-map-js': [ '1.2.1' ],
16 silly audit   'string-width': [ '4.2.3' ],
16 silly audit   'strip-ansi': [ '6.0.1' ],
16 silly audit   tailwindcss: [ '4.2.2' ],
16 silly audit   tapable: [ '2.3.2' ],
16 silly audit   tinyglobby: [ '0.2.16' ],
16 silly audit   'tree-kill': [ '1.2.2' ],
16 silly audit   tslib: [ '2.8.1' ],
16 silly audit   'update-browserslist-db': [ '1.2.3' ],
16 silly audit   vite: [ '8.0.8' ],
16 silly audit   'vite-plugin-full-reload': [ '1.2.0' ],
16 silly audit   'wrap-ansi': [ '7.0.0' ],
16 silly audit   y18n: [ '5.0.8' ],
16 silly audit   yargs: [ '17.7.2' ],
16 silly audit   'yargs-parser': [ '21.1.1' ]
16 silly audit }
17 http fetch POST 200 https://registry.npmjs.org/-/npm/v1/security/advisories/bulk 396ms
18 silly audit report {}
19 verbose cwd /Users/statum/Herd/autoreachBingwaApp
20 verbose os Darwin 25.4.0
21 verbose node v22.22.0
22 verbose npm  v11.12.1
23 verbose exit 0
24 info ok
