[2026-05-28 17:29:49] production.INFO: SchedulerManifest: event command='php' 'artisan' bingwa:heartbeat expression=*/15 * * * *  
[2026-05-28 17:29:49] production.INFO: SchedulerManifest: event command='php' 'artisan' bingwa:sync-transactions expression=*/15 * * * *  
[2026-05-28 17:29:49] production.INFO: SchedulerManifest: event command='php' 'artisan' bingwa:process-auto-renewals expression=*/15 * * * *  
[2026-05-28 17:29:49] production.INFO: SchedulerManifest: event command='php' 'artisan' bingwa:fetch-airtime-balance expression=*/30 * * * *  
[2026-05-28 17:29:49] production.DEBUG: Bingwa push notification payload received. {"data":{"transaction_id":77,"service":"data_bundles","device_id":8},"transaction_id":77,"service":"data_bundles","device_id":8} 
[2026-05-28 17:29:49] production.DEBUG: Bingwa transaction sync job started. {"user_id":1,"push_data":{"transaction_id":77,"service":"data_bundles","device_id":8}} 
[2026-05-28 17:29:52] production.DEBUG: Bingwa transaction sync job finished fetching. {"user_id":1,"synced":1,"skipped":0,"failed":0} 
[2026-05-28 17:29:52] production.DEBUG: Bingwa transaction sync job dispatching queued processor synchronously. {"user_id":1} 
[2026-05-28 17:29:52] production.DEBUG: Bingwa USSD processor job started. {"user_id":1,"flow_id":"2bf86e3e-d745-4154-8e6c-0a6fa6fafc06","attempt":1,"tries":3} 
[2026-05-28 17:29:52] production.INFO: 📤 USSD payload ready for job #41 {"code":"*180*5*2*0721553678*5*1#","mode":"express","sim_slot":1} 
[2026-05-28 17:29:52] production.DEBUG: Bingwa USSD processor claim result. {"user_id":1,"flow_id":"2bf86e3e-d745-4154-8e6c-0a6fa6fafc06","transaction_id":41,"claimed":true} 
[2026-05-28 17:29:52] production.INFO: 📡 [BRIDGE DISPATCH] Sending USSD to Android Hardware {"transaction_id":41,"code":"*180*5*2*0721553678*5*1#","sim_slot":1,"mode":"express","timeout_seconds":60} 
[2026-05-28 17:29:52] production.DEBUG: USSD modem lock acquired. {"flow_id":"2bf86e3e-d745-4154-8e6c-0a6fa6fafc06","transaction_id":"77","id":41,"mode":"express","sim_slot":1,"operation":"queued-transaction","wait_seconds":2,"lease_seconds":75} 
[2026-05-28 17:29:53] production.DEBUG: USSD modem lock released. {"flow_id":"2bf86e3e-d745-4154-8e6c-0a6fa6fafc06","transaction_id":"77","id":41,"mode":"express","sim_slot":1,"operation":"queued-transaction"} 
[2026-05-28 17:29:53] production.DEBUG: Bingwa USSD execution raw response received. {"flow_id":"2bf86e3e-d745-4154-8e6c-0a6fa6fafc06","transaction_id":"77","id":41,"response":"{\"success\":false,\"message\":\"Recommendation failed. The customer 0721553678 has already been recommended. Kindly recommend to another customer. Thank you\"}"} 
[2026-05-28 17:29:53] production.DEBUG: Bingwa USSD execution processed. {"flow_id":"2bf86e3e-d745-4154-8e6c-0a6fa6fafc06","transaction_id":"77","id":41,"success":false,"message":"Recommendation failed. The customer 0721553678 has already been recommended. Kindly recommend to another customer. Thank you"} 
[2026-05-28 17:29:53] production.INFO: Auto-reply skipped because no active rule matched the transaction outcome. {"transaction_id":41,"status":"failed","trigger_condition":"failed_transaction"} 
[2026-05-28 17:29:53] production.DEBUG: Bingwa USSD processor completed transaction. {"user_id":1,"flow_id":"2bf86e3e-d745-4154-8e6c-0a6fa6fafc06","transaction_id":41,"success":false,"message":"Recommendation failed. The customer 0721553678 has already been recommended. Kindly recommend to another customer. Thank you"} 
[2026-05-28 17:29:53] production.DEBUG: Bingwa USSD processor found no queued transaction. {"user_id":1,"flow_id":"2bf86e3e-d745-4154-8e6c-0a6fa6fafc06"} 
[2026-05-28 17:29:53] production.DEBUG: Bingwa USSD processor job finished. {"user_id":1,"flow_id":"2bf86e3e-d745-4154-8e6c-0a6fa6fafc06","processed":1} 
[2026-05-28 17:29:53] production.DEBUG: Bingwa push notification dispatched the transaction sync job. {"user_id":1,"backend_device_id":8,"transaction_id":77,"service":"data_bundles"} 
[2026-05-28 17:29:53] production.DEBUG: BackgroundTasks: found 4 schedule event(s)  
[2026-05-28 17:29:53] production.INFO: SchedulerManifest: event command='php' 'artisan' bingwa:heartbeat expression=*/15 * * * *  
[2026-05-28 17:29:53] production.INFO: SchedulerManifest: event command='php' 'artisan' bingwa:sync-transactions expression=*/15 * * * *  
[2026-05-28 17:29:53] production.INFO: SchedulerManifest: event command='php' 'artisan' bingwa:process-auto-renewals expression=*/15 * * * *  
[2026-05-28 17:29:53] production.INFO: SchedulerManifest: event command='php' 'artisan' bingwa:fetch-airtime-balance expression=*/30 * * * *  
[2026-05-28 17:29:53] production.DEBUG: Bingwa dashboard airtime cache hydrated. {"user_id":1,"has_balance":true,"checked_at":"2026-05-28T17:15:12+03:00"} 
[2026-05-28 17:29:55] production.DEBUG: BackgroundTasks: found 4 schedule event(s)  
[2026-05-28 17:29:55] production.INFO: SchedulerManifest: event command='php' 'artisan' bingwa:heartbeat expression=*/15 * * * *  
[2026-05-28 17:29:55] production.INFO: SchedulerManifest: event command='php' 'artisan' bingwa:sync-transactions expression=*/15 * * * *  
[2026-05-28 17:29:55] production.INFO: SchedulerManifest: event command='php' 'artisan' bingwa:process-auto-renewals expression=*/15 * * * *  
[2026-05-28 17:29:55] production.INFO: SchedulerManifest: event command='php' 'artisan' bingwa:fetch-airtime-balance expression=*/30 * * * *  
[2026-05-28 17:29:55] production.DEBUG: Bingwa push notification payload received. {"data":{"transaction_id":78,"service":"data_bundles","device_id":8},"transaction_id":78,"service":"data_bundles","device_id":8} 
[2026-05-28 17:29:55] production.DEBUG: Bingwa transaction sync job started. {"user_id":1,"push_data":{"transaction_id":78,"service":"data_bundles","device_id":8}} 
[2026-05-28 17:29:58] production.DEBUG: Bingwa transaction sync job finished fetching. {"user_id":1,"synced":1,"skipped":0,"failed":0} 
[2026-05-28 17:29:58] production.DEBUG: Bingwa transaction sync job dispatching queued processor synchronously. {"user_id":1} 
[2026-05-28 17:29:58] production.DEBUG: Bingwa USSD processor job started. {"user_id":1,"flow_id":"f6ade191-8b73-47fd-b72d-46bef29be20a","attempt":1,"tries":3} 
[2026-05-28 17:29:58] production.INFO: 📤 USSD payload ready for job #42 {"code":"*180*5*2*0721553678*5*1#","mode":"express","sim_slot":1} 
[2026-05-28 17:29:58] production.DEBUG: Bingwa USSD processor claim result. {"user_id":1,"flow_id":"f6ade191-8b73-47fd-b72d-46bef29be20a","transaction_id":42,"claimed":true} 
[2026-05-28 17:29:58] production.INFO: 📡 [BRIDGE DISPATCH] Sending USSD to Android Hardware {"transaction_id":42,"code":"*180*5*2*0721553678*5*1#","sim_slot":1,"mode":"express","timeout_seconds":60} 
[2026-05-28 17:29:58] production.DEBUG: USSD modem lock acquired. {"flow_id":"f6ade191-8b73-47fd-b72d-46bef29be20a","transaction_id":"78","id":42,"mode":"express","sim_slot":1,"operation":"queued-transaction","wait_seconds":2,"lease_seconds":75} 
[2026-05-28 17:29:59] production.DEBUG: USSD modem lock released. {"flow_id":"f6ade191-8b73-47fd-b72d-46bef29be20a","transaction_id":"78","id":42,"mode":"express","sim_slot":1,"operation":"queued-transaction"} 
[2026-05-28 17:29:59] production.DEBUG: Bingwa USSD execution raw response received. {"flow_id":"f6ade191-8b73-47fd-b72d-46bef29be20a","transaction_id":"78","id":42,"response":"{\"success\":false,\"message\":\"Recommendation failed. The customer 0721553678 has already been recommended. Kindly recommend to another customer. Thank you\"}"} 
[2026-05-28 17:29:59] production.DEBUG: Bingwa USSD execution processed. {"flow_id":"f6ade191-8b73-47fd-b72d-46bef29be20a","transaction_id":"78","id":42,"success":false,"message":"Recommendation failed. The customer 0721553678 has already been recommended. Kindly recommend to another customer. Thank you"} 
[2026-05-28 17:29:59] production.INFO: Auto-reply skipped because no active rule matched the transaction outcome. {"transaction_id":42,"status":"failed","trigger_condition":"failed_transaction"} 
[2026-05-28 17:29:59] production.DEBUG: Bingwa USSD processor completed transaction. {"user_id":1,"flow_id":"f6ade191-8b73-47fd-b72d-46bef29be20a","transaction_id":42,"success":false,"message":"Recommendation failed. The customer 0721553678 has already been recommended. Kindly recommend to another customer. Thank you"} 
[2026-05-28 17:29:59] production.DEBUG: Bingwa USSD processor found no queued transaction. {"user_id":1,"flow_id":"f6ade191-8b73-47fd-b72d-46bef29be20a"} 
[2026-05-28 17:29:59] production.DEBUG: Bingwa USSD processor job finished. {"user_id":1,"flow_id":"f6ade191-8b73-47fd-b72d-46bef29be20a","processed":1} 
[2026-05-28 17:29:59] production.DEBUG: Bingwa push notification dispatched the transaction sync job. {"user_id":1,"backend_device_id":8,"transaction_id":78,"service":"data_bundles"} 
[2026-05-28 17:30:02] production.DEBUG: BackgroundTasks: found 4 schedule event(s)  
[2026-05-28 17:30:02] production.INFO: SchedulerManifest: event command='php' 'artisan' bingwa:heartbeat expression=*/15 * * * *  
[2026-05-28 17:30:02] production.INFO: SchedulerManifest: event command='php' 'artisan' bingwa:sync-transactions expression=*/15 * * * *  
[2026-05-28 17:30:02] production.INFO: SchedulerManifest: event command='php' 'artisan' bingwa:process-auto-renewals expression=*/15 * * * *  
[2026-05-28 17:30:02] production.INFO: SchedulerManifest: event command='php' 'artisan' bingwa:fetch-airtime-balance expression=*/30 * * * *  
[2026-05-28 17:30:03] production.WARNING: Autoreach backend returned 401 Unauthorized for transaction 74; attempting token recovery and retry.  
[2026-05-28 17:30:05] production.INFO: Successfully updated remote status for transaction 74 to failed  
[2026-05-28 17:30:05] production.DEBUG: BackgroundTasks: found 4 schedule event(s)  
[2026-05-28 17:30:05] production.INFO: SchedulerManifest: event command='php' 'artisan' bingwa:heartbeat expression=*/15 * * * *  
[2026-05-28 17:30:05] production.INFO: SchedulerManifest: event command='php' 'artisan' bingwa:sync-transactions expression=*/15 * * * *  
[2026-05-28 17:30:05] production.INFO: SchedulerManifest: event command='php' 'artisan' bingwa:process-auto-renewals expression=*/15 * * * *  
[2026-05-28 17:30:05] production.INFO: SchedulerManifest: event command='php' 'artisan' bingwa:fetch-airtime-balance expression=*/30 * * * *  
[2026-05-28 17:30:05] production.DEBUG: Bingwa dashboard airtime cache hydrated. {"user_id":1,"has_balance":true,"checked_at":"2026-05-28T17:15:12+03:00"} 
[2026-05-28 17:30:13] production.DEBUG: BackgroundTasks: found 4 schedule event(s)  
[2026-05-28 17:30:13] production.INFO: SchedulerManifest: event command='php' 'artisan' bingwa:heartbeat expression=*/15 * * * *  
[2026-05-28 17:30:13] production.INFO: SchedulerManifest: event command='php' 'artisan' bingwa:sync-transactions expression=*/15 * * * *  
[2026-05-28 17:30:13] production.INFO: SchedulerManifest: event command='php' 'artisan' bingwa:process-auto-renewals expression=*/15 * * * *  
[2026-05-28 17:30:13] production.INFO: SchedulerManifest: event command='php' 'artisan' bingwa:fetch-airtime-balance expression=*/30 * * * *  
[2026-05-28 17:30:13] production.DEBUG: Bingwa dashboard airtime cache hydrated. {"user_id":1,"has_balance":true,"checked_at":"2026-05-28T17:15:12+03:00"} 
[2026-05-28 17:30:25] production.DEBUG: BackgroundTasks: found 4 schedule event(s)  
[2026-05-28 17:30:25] production.INFO: SchedulerManifest: event command='php' 'artisan' bingwa:heartbeat expression=*/15 * * * *  
[2026-05-28 17:30:25] production.INFO: SchedulerManifest: event command='php' 'artisan' bingwa:sync-transactions expression=*/15 * * * *  
[2026-05-28 17:30:25] production.INFO: SchedulerManifest: event command='php' 'artisan' bingwa:process-auto-renewals expression=*/15 * * * *  
[2026-05-28 17:30:25] production.INFO: SchedulerManifest: event command='php' 'artisan' bingwa:fetch-airtime-balance expression=*/30 * * * *  
[2026-05-28 17:30:26] production.DEBUG: Bingwa push notification payload received. {"data":{"transaction_id":79,"service":"data_bundles","device_id":8},"transaction_id":79,"service":"data_bundles","device_id":8} 
[2026-05-28 17:30:26] production.DEBUG: Bingwa transaction sync job started. {"user_id":1,"push_data":{"transaction_id":79,"service":"data_bundles","device_id":8}} 
[2026-05-28 17:30:27] production.DEBUG: Bingwa transaction sync job finished fetching. {"user_id":1,"synced":1,"skipped":0,"failed":0} 
[2026-05-28 17:30:27] production.DEBUG: Bingwa transaction sync job dispatching queued processor synchronously. {"user_id":1} 
[2026-05-28 17:30:27] production.DEBUG: Bingwa USSD processor job started. {"user_id":1,"flow_id":"568de8e8-1277-4e24-a7ac-a181222c619a","attempt":1,"tries":3} 
[2026-05-28 17:30:27] production.INFO: 📤 USSD payload ready for job #43 {"code":"*180*5*2*0721553678*5*1#","mode":"express","sim_slot":1} 
[2026-05-28 17:30:27] production.DEBUG: Bingwa USSD processor claim result. {"user_id":1,"flow_id":"568de8e8-1277-4e24-a7ac-a181222c619a","transaction_id":43,"claimed":true} 
[2026-05-28 17:30:27] production.INFO: 📡 [BRIDGE DISPATCH] Sending USSD to Android Hardware {"transaction_id":43,"code":"*180*5*2*0721553678*5*1#","sim_slot":1,"mode":"express","timeout_seconds":60} 
[2026-05-28 17:30:27] production.DEBUG: USSD modem lock acquired. {"flow_id":"568de8e8-1277-4e24-a7ac-a181222c619a","transaction_id":"79","id":43,"mode":"express","sim_slot":1,"operation":"queued-transaction","wait_seconds":2,"lease_seconds":75} 
[2026-05-28 17:30:27] production.DEBUG: USSD modem lock released. {"flow_id":"568de8e8-1277-4e24-a7ac-a181222c619a","transaction_id":"79","id":43,"mode":"express","sim_slot":1,"operation":"queued-transaction"} 
[2026-05-28 17:30:27] production.DEBUG: Bingwa USSD execution raw response received. {"flow_id":"568de8e8-1277-4e24-a7ac-a181222c619a","transaction_id":"79","id":43,"response":"{\"success\":false,\"message\":\"Recommendation failed. The customer 0721553678 has already been recommended. Kindly recommend to another customer. Thank you\"}"} 
[2026-05-28 17:30:27] production.DEBUG: Bingwa USSD execution processed. {"flow_id":"568de8e8-1277-4e24-a7ac-a181222c619a","transaction_id":"79","id":43,"success":false,"message":"Recommendation failed. The customer 0721553678 has already been recommended. Kindly recommend to another customer. Thank you"} 
[2026-05-28 17:30:27] production.INFO: Auto-reply skipped because no active rule matched the transaction outcome. {"transaction_id":43,"status":"failed","trigger_condition":"failed_transaction"} 
[2026-05-28 17:30:27] production.DEBUG: Bingwa USSD processor completed transaction. {"user_id":1,"flow_id":"568de8e8-1277-4e24-a7ac-a181222c619a","transaction_id":43,"success":false,"message":"Recommendation failed. The customer 0721553678 has already been recommended. Kindly recommend to another customer. Thank you"} 
[2026-05-28 17:30:27] production.DEBUG: Bingwa USSD processor found no queued transaction. {"user_id":1,"flow_id":"568de8e8-1277-4e24-a7ac-a181222c619a"} 
[2026-05-28 17:30:27] production.DEBUG: Bingwa USSD processor job finished. {"user_id":1,"flow_id":"568de8e8-1277-4e24-a7ac-a181222c619a","processed":1} 
[2026-05-28 17:30:27] production.DEBUG: Bingwa push notification dispatched the transaction sync job. {"user_id":1,"backend_device_id":8,"transaction_id":79,"service":"data_bundles"} 
[2026-05-28 17:30:35] production.DEBUG: BackgroundTasks: found 4 schedule event(s)  
[2026-05-28 17:30:35] production.INFO: SchedulerManifest: event command='php' 'artisan' bingwa:heartbeat expression=*/15 * * * *  
[2026-05-28 17:30:35] production.INFO: SchedulerManifest: event command='php' 'artisan' bingwa:sync-transactions expression=*/15 * * * *  
[2026-05-28 17:30:35] production.INFO: SchedulerManifest: event command='php' 'artisan' bingwa:process-auto-renewals expression=*/15 * * * *  
[2026-05-28 17:30:35] production.INFO: SchedulerManifest: event command='php' 'artisan' bingwa:fetch-airtime-balance expression=*/30 * * * *  
[2026-05-28 17:30:36] production.WARNING: Autoreach backend returned 401 Unauthorized for transaction 75; attempting token recovery and retry.  
[2026-05-28 17:30:38] production.INFO: Successfully updated remote status for transaction 75 to failed  
[2026-05-28 17:30:43] production.DEBUG: BackgroundTasks: found 4 schedule event(s)  
[2026-05-28 17:30:43] production.INFO: SchedulerManifest: event command='php' 'artisan' bingwa:heartbeat expression=*/15 * * * *  
[2026-05-28 17:30:43] production.INFO: SchedulerManifest: event command='php' 'artisan' bingwa:sync-transactions expression=*/15 * * * *  
[2026-05-28 17:30:43] production.INFO: SchedulerManifest: event command='php' 'artisan' bingwa:process-auto-renewals expression=*/15 * * * *  
[2026-05-28 17:30:43] production.INFO: SchedulerManifest: event command='php' 'artisan' bingwa:fetch-airtime-balance expression=*/30 * * * *  
[2026-05-28 17:30:43] production.DEBUG: Bingwa dashboard airtime cache hydrated. {"user_id":1,"has_balance":true,"checked_at":"2026-05-28T17:15:12+03:00"} 
[2026-05-28 17:30:53] production.DEBUG: BackgroundTasks: found 4 schedule event(s)  
[2026-05-28 17:30:53] production.INFO: SchedulerManifest: event command='php' 'artisan' bingwa:heartbeat expression=*/15 * * * *  
[2026-05-28 17:30:53] production.INFO: SchedulerManifest: event command='php' 'artisan' bingwa:sync-transactions expression=*/15 * * * *  
[2026-05-28 17:30:53] production.INFO: SchedulerManifest: event command='php' 'artisan' bingwa:process-auto-renewals expression=*/15 * * * *  
[2026-05-28 17:30:53] production.INFO: SchedulerManifest: event command='php' 'artisan' bingwa:fetch-airtime-balance expression=*/30 * * * *  
[2026-05-28 17:30:53] production.DEBUG: Bingwa dashboard airtime cache hydrated. {"user_id":1,"has_balance":true,"checked_at":"2026-05-28T17:15:12+03:00"} 
[2026-05-28 17:31:03] production.DEBUG: BackgroundTasks: found 4 schedule event(s)  
[2026-05-28 17:31:03] production.INFO: SchedulerManifest: event command='php' 'artisan' bingwa:heartbeat expression=*/15 * * * *  
[2026-05-28 17:31:03] production.INFO: SchedulerManifest: event command='php' 'artisan' bingwa:sync-transactions expression=*/15 * * * *  
[2026-05-28 17:31:03] production.INFO: SchedulerManifest: event command='php' 'artisan' bingwa:process-auto-renewals expression=*/15 * * * *  
[2026-05-28 17:31:03] production.INFO: SchedulerManifest: event command='php' 'artisan' bingwa:fetch-airtime-balance expression=*/30 * * * *  
[2026-05-28 17:31:03] production.DEBUG: Bingwa dashboard airtime cache hydrated. {"user_id":1,"has_balance":true,"checked_at":"2026-05-28T17:15:12+03:00"} 
[2026-05-28 17:31:09] production.DEBUG: BackgroundTasks: found 4 schedule event(s)  
[2026-05-28 17:31:09] production.INFO: SchedulerManifest: event command='php' 'artisan' bingwa:heartbeat expression=*/15 * * * *  
[2026-05-28 17:31:09] production.INFO: SchedulerManifest: event command='php' 'artisan' bingwa:sync-transactions expression=*/15 * * * *  
[2026-05-28 17:31:09] production.INFO: SchedulerManifest: event command='php' 'artisan' bingwa:process-auto-renewals expression=*/15 * * * *  
[2026-05-28 17:31:09] production.INFO: SchedulerManifest: event command='php' 'artisan' bingwa:fetch-airtime-balance expression=*/30 * * * *  
[2026-05-28 17:31:10] production.WARNING: Autoreach backend returned 401 Unauthorized for transaction 76; attempting token recovery and retry.  
[2026-05-28 17:31:11] production.INFO: Successfully updated remote status for transaction 76 to failed  
[2026-05-28 17:31:12] production.DEBUG: BackgroundTasks: found 4 schedule event(s)  
[2026-05-28 17:31:12] production.INFO: SchedulerManifest: event command='php' 'artisan' bingwa:heartbeat expression=*/15 * * * *  
[2026-05-28 17:31:12] production.INFO: SchedulerManifest: event command='php' 'artisan' bingwa:sync-transactions expression=*/15 * * * *  
[2026-05-28 17:31:12] production.INFO: SchedulerManifest: event command='php' 'artisan' bingwa:process-auto-renewals expression=*/15 * * * *  
[2026-05-28 17:31:12] production.INFO: SchedulerManifest: event command='php' 'artisan' bingwa:fetch-airtime-balance expression=*/30 * * * *  
[2026-05-28 17:31:14] production.DEBUG: BackgroundTasks: found 4 schedule event(s)  
[2026-05-28 17:31:14] production.INFO: SchedulerManifest: event command='php' 'artisan' bingwa:heartbeat expression=*/15 * * * *  
[2026-05-28 17:31:14] production.INFO: SchedulerManifest: event command='php' 'artisan' bingwa:sync-transactions expression=*/15 * * * *  
[2026-05-28 17:31:14] production.INFO: SchedulerManifest: event command='php' 'artisan' bingwa:process-auto-renewals expression=*/15 * * * *  
[2026-05-28 17:31:14] production.INFO: SchedulerManifest: event command='php' 'artisan' bingwa:fetch-airtime-balance expression=*/30 * * * *  
[2026-05-28 17:31:23] production.DEBUG: BackgroundTasks: found 4 schedule event(s)  
[2026-05-28 17:31:23] production.INFO: SchedulerManifest: event command='php' 'artisan' bingwa:heartbeat expression=*/15 * * * *  
[2026-05-28 17:31:23] production.INFO: SchedulerManifest: event command='php' 'artisan' bingwa:sync-transactions expression=*/15 * * * *  
[2026-05-28 17:31:23] production.INFO: SchedulerManifest: event command='php' 'artisan' bingwa:process-auto-renewals expression=*/15 * * * *  
[2026-05-28 17:31:23] production.INFO: SchedulerManifest: event command='php' 'artisan' bingwa:fetch-airtime-balance expression=*/30 * * * *  
[2026-05-28 17:31:23] production.DEBUG: Bingwa dashboard mount started. {"user_id":1} 
[2026-05-28 17:31:23] production.DEBUG: Bingwa dashboard airtime cache hydrated. {"user_id":1,"has_balance":true,"checked_at":"2026-05-28T17:15:12+03:00"} 
[2026-05-28 17:31:23] production.DEBUG: Bingwa dashboard airtime response ready. {"user_id":1,"balance":216.12,"checked_at":"28 May, 17:15"} 
[2026-05-28 17:31:33] production.DEBUG: BackgroundTasks: found 4 schedule event(s)  
[2026-05-28 17:31:33] production.INFO: SchedulerManifest: event command='php' 'artisan' bingwa:heartbeat expression=*/15 * * * *  
[2026-05-28 17:31:33] production.INFO: SchedulerManifest: event command='php' 'artisan' bingwa:sync-transactions expression=*/15 * * * *  
[2026-05-28 17:31:33] production.INFO: SchedulerManifest: event command='php' 'artisan' bingwa:process-auto-renewals expression=*/15 * * * *  
[2026-05-28 17:31:33] production.INFO: SchedulerManifest: event command='php' 'artisan' bingwa:fetch-airtime-balance expression=*/30 * * * *  
[2026-05-28 17:31:33] production.DEBUG: Bingwa dashboard airtime cache hydrated. {"user_id":1,"has_balance":true,"checked_at":"2026-05-28T17:15:12+03:00"} 
[2026-05-28 17:31:42] production.DEBUG: BackgroundTasks: found 4 schedule event(s)  
[2026-05-28 17:31:42] production.INFO: SchedulerManifest: event command='php' 'artisan' bingwa:heartbeat expression=*/15 * * * *  
[2026-05-28 17:31:42] production.INFO: SchedulerManifest: event command='php' 'artisan' bingwa:sync-transactions expression=*/15 * * * *  
[2026-05-28 17:31:42] production.INFO: SchedulerManifest: event command='php' 'artisan' bingwa:process-auto-renewals expression=*/15 * * * *  
[2026-05-28 17:31:42] production.INFO: SchedulerManifest: event command='php' 'artisan' bingwa:fetch-airtime-balance expression=*/30 * * * *  
[2026-05-28 17:31:44] production.WARNING: Autoreach backend returned 401 Unauthorized for transaction 77; attempting token recovery and retry.  
[2026-05-28 17:31:46] production.INFO: Successfully updated remote status for transaction 77 to failed  
[2026-05-28 17:31:46] production.DEBUG: BackgroundTasks: found 4 schedule event(s)  
[2026-05-28 17:31:46] production.INFO: SchedulerManifest: event command='php' 'artisan' bingwa:heartbeat expression=*/15 * * * *  
[2026-05-28 17:31:46] production.INFO: SchedulerManifest: event command='php' 'artisan' bingwa:sync-transactions expression=*/15 * * * *  
[2026-05-28 17:31:46] production.INFO: SchedulerManifest: event command='php' 'artisan' bingwa:process-auto-renewals expression=*/15 * * * *  
[2026-05-28 17:31:46] production.INFO: SchedulerManifest: event command='php' 'artisan' bingwa:fetch-airtime-balance expression=*/30 * * * *  
[2026-05-28 17:31:46] production.DEBUG: Bingwa dashboard airtime cache hydrated. {"user_id":1,"has_balance":true,"checked_at":"2026-05-28T17:15:12+03:00"} 
[2026-05-28 17:31:53] production.DEBUG: BackgroundTasks: found 4 schedule event(s)  
[2026-05-28 17:31:53] production.INFO: SchedulerManifest: event command='php' 'artisan' bingwa:heartbeat expression=*/15 * * * *  
[2026-05-28 17:31:53] production.INFO: SchedulerManifest: event command='php' 'artisan' bingwa:sync-transactions expression=*/15 * * * *  
[2026-05-28 17:31:53] production.INFO: SchedulerManifest: event command='php' 'artisan' bingwa:process-auto-renewals expression=*/15 * * * *  
[2026-05-28 17:31:53] production.INFO: SchedulerManifest: event command='php' 'artisan' bingwa:fetch-airtime-balance expression=*/30 * * * *  
[2026-05-28 17:31:53] production.DEBUG: Bingwa dashboard airtime cache hydrated. {"user_id":1,"has_balance":true,"checked_at":"2026-05-28T17:15:12+03:00"} 
[2026-05-28 17:32:03] production.DEBUG: BackgroundTasks: found 4 schedule event(s)  
[2026-05-28 17:32:03] production.INFO: SchedulerManifest: event command='php' 'artisan' bingwa:heartbeat expression=*/15 * * * *  
[2026-05-28 17:32:03] production.INFO: SchedulerManifest: event command='php' 'artisan' bingwa:sync-transactions expression=*/15 * * * *  
[2026-05-28 17:32:03] production.INFO: SchedulerManifest: event command='php' 'artisan' bingwa:process-auto-renewals expression=*/15 * * * *  
[2026-05-28 17:32:03] production.INFO: SchedulerManifest: event command='php' 'artisan' bingwa:fetch-airtime-balance expression=*/30 * * * *  
[2026-05-28 17:32:03] production.DEBUG: Bingwa dashboard airtime cache hydrated. {"user_id":1,"has_balance":true,"checked_at":"2026-05-28T17:15:12+03:00"} 
[2026-05-28 17:32:13] production.DEBUG: BackgroundTasks: found 4 schedule event(s)  
[2026-05-28 17:32:13] production.INFO: SchedulerManifest: event command='php' 'artisan' bingwa:heartbeat expression=*/15 * * * *  
[2026-05-28 17:32:13] production.INFO: SchedulerManifest: event command='php' 'artisan' bingwa:sync-transactions expression=*/15 * * * *  
[2026-05-28 17:32:13] production.INFO: SchedulerManifest: event command='php' 'artisan' bingwa:process-auto-renewals expression=*/15 * * * *  
[2026-05-28 17:32:13] production.INFO: SchedulerManifest: event command='php' 'artisan' bingwa:fetch-airtime-balance expression=*/30 * * * *  
[2026-05-28 17:32:13] production.DEBUG: Bingwa dashboard airtime cache hydrated. {"user_id":1,"has_balance":true,"checked_at":"2026-05-28T17:15:12+03:00"} 
[2026-05-28 17:32:16] production.DEBUG: BackgroundTasks: found 4 schedule event(s)  
[2026-05-28 17:32:16] production.INFO: SchedulerManifest: event command='php' 'artisan' bingwa:heartbeat expression=*/15 * * * *  
[2026-05-28 17:32:16] production.INFO: SchedulerManifest: event command='php' 'artisan' bingwa:sync-transactions expression=*/15 * * * *  
[2026-05-28 17:32:16] production.INFO: SchedulerManifest: event command='php' 'artisan' bingwa:process-auto-renewals expression=*/15 * * * *  
[2026-05-28 17:32:16] production.INFO: SchedulerManifest: event command='php' 'artisan' bingwa:fetch-airtime-balance expression=*/30 * * * *  
[2026-05-28 17:32:17] production.WARNING: Autoreach backend returned 401 Unauthorized for transaction 78; attempting token recovery and retry.  
[2026-05-28 17:32:19] production.INFO: Successfully updated remote status for transaction 78 to failed  
[2026-05-28 17:32:23] production.DEBUG: BackgroundTasks: found 4 schedule event(s)  
[2026-05-28 17:32:23] production.INFO: SchedulerManifest: event command='php' 'artisan' bingwa:heartbeat expression=*/15 * * * *  
[2026-05-28 17:32:23] production.INFO: SchedulerManifest: event command='php' 'artisan' bingwa:sync-transactions expression=*/15 * * * *  
[2026-05-28 17:32:23] production.INFO: SchedulerManifest: event command='php' 'artisan' bingwa:process-auto-renewals expression=*/15 * * * *  
[2026-05-28 17:32:23] production.INFO: SchedulerManifest: event command='php' 'artisan' bingwa:fetch-airtime-balance expression=*/30 * * * *  
[2026-05-28 17:32:23] production.DEBUG: Bingwa dashboard airtime cache hydrated. {"user_id":1,"has_balance":true,"checked_at":"2026-05-28T17:15:12+03:00"} 
[2026-05-28 17:32:33] production.DEBUG: BackgroundTasks: found 4 schedule event(s)  
[2026-05-28 17:32:33] production.INFO: SchedulerManifest: event command='php' 'artisan' bingwa:heartbeat expression=*/15 * * * *  
[2026-05-28 17:32:33] production.INFO: SchedulerManifest: event command='php' 'artisan' bingwa:sync-transactions expression=*/15 * * * *  
[2026-05-28 17:32:33] production.INFO: SchedulerManifest: event command='php' 'artisan' bingwa:process-auto-renewals expression=*/15 * * * *  
[2026-05-28 17:32:33] production.INFO: SchedulerManifest: event command='php' 'artisan' bingwa:fetch-airtime-balance expression=*/30 * * * *  
[2026-05-28 17:32:33] production.DEBUG: Bingwa dashboard airtime cache hydrated. {"user_id":1,"has_balance":true,"checked_at":"2026-05-28T17:15:12+03:00"} 
[2026-05-28 17:32:43] production.DEBUG: BackgroundTasks: found 4 schedule event(s)  
[2026-05-28 17:32:43] production.INFO: SchedulerManifest: event command='php' 'artisan' bingwa:heartbeat expression=*/15 * * * *  
[2026-05-28 17:32:43] production.INFO: SchedulerManifest: event command='php' 'artisan' bingwa:sync-transactions expression=*/15 * * * *  
[2026-05-28 17:32:43] production.INFO: SchedulerManifest: event command='php' 'artisan' bingwa:process-auto-renewals expression=*/15 * * * *  
[2026-05-28 17:32:43] production.INFO: SchedulerManifest: event command='php' 'artisan' bingwa:fetch-airtime-balance expression=*/30 * * * *  
[2026-05-28 17:32:43] production.DEBUG: Bingwa dashboard airtime cache hydrated. {"user_id":1,"has_balance":true,"checked_at":"2026-05-28T17:15:12+03:00"} 
[2026-05-28 17:32:49] production.DEBUG: BackgroundTasks: found 4 schedule event(s)  
[2026-05-28 17:32:49] production.INFO: SchedulerManifest: event command='php' 'artisan' bingwa:heartbeat expression=*/15 * * * *  
[2026-05-28 17:32:49] production.INFO: SchedulerManifest: event command='php' 'artisan' bingwa:sync-transactions expression=*/15 * * * *  
[2026-05-28 17:32:49] production.INFO: SchedulerManifest: event command='php' 'artisan' bingwa:process-auto-renewals expression=*/15 * * * *  
[2026-05-28 17:32:49] production.INFO: SchedulerManifest: event command='php' 'artisan' bingwa:fetch-airtime-balance expression=*/30 * * * *  
[2026-05-28 17:32:50] production.WARNING: Autoreach backend returned 401 Unauthorized for transaction 79; attempting token recovery and retry.  
[2026-05-28 17:32:52] production.INFO: Successfully updated remote status for transaction 79 to failed  
[2026-05-28 17:32:53] production.DEBUG: BackgroundTasks: found 4 schedule event(s)  
[2026-05-28 17:32:53] production.INFO: SchedulerManifest: event command='php' 'artisan' bingwa:heartbeat expression=*/15 * * * *  
[2026-05-28 17:32:53] production.INFO: SchedulerManifest: event command='php' 'artisan' bingwa:sync-transactions expression=*/15 * * * *  
[2026-05-28 17:32:53] production.INFO: SchedulerManifest: event command='php' 'artisan' bingwa:process-auto-renewals expression=*/15 * * * *  
[2026-05-28 17:32:53] production.INFO: SchedulerManifest: event command='php' 'artisan' bingwa:fetch-airtime-balance expression=*/30 * * * *  
[2026-05-28 17:32:53] production.DEBUG: Bingwa dashboard airtime cache hydrated. {"user_id":1,"has_balance":true,"checked_at":"2026-05-28T17:15:12+03:00"} 
[2026-05-28 17:33:03] production.DEBUG: BackgroundTasks: found 4 schedule event(s)  
[2026-05-28 17:33:03] production.INFO: SchedulerManifest: event command='php' 'artisan' bingwa:heartbeat expression=*/15 * * * *  
[2026-05-28 17:33:03] production.INFO: SchedulerManifest: event command='php' 'artisan' bingwa:sync-transactions expression=*/15 * * * *  
[2026-05-28 17:33:03] production.INFO: SchedulerManifest: event command='php' 'artisan' bingwa:process-auto-renewals expression=*/15 * * * *  
[2026-05-28 17:33:03] production.INFO: SchedulerManifest: event command='php' 'artisan' bingwa:fetch-airtime-balance expression=*/30 * * * *  
[2026-05-28 17:33:03] production.DEBUG: Bingwa dashboard airtime cache hydrated. {"user_id":1,"has_balance":true,"checked_at":"2026-05-28T17:15:12+03:00"} 
[2026-05-28 17:33:13] production.DEBUG: BackgroundTasks: found 4 schedule event(s)  
[2026-05-28 17:33:13] production.INFO: SchedulerManifest: event command='php' 'artisan' bingwa:heartbeat expression=*/15 * * * *  
[2026-05-28 17:33:13] production.INFO: SchedulerManifest: event command='php' 'artisan' bingwa:sync-transactions expression=*/15 * * * *  
[2026-05-28 17:33:13] production.INFO: SchedulerManifest: event command='php' 'artisan' bingwa:process-auto-renewals expression=*/15 * * * *  
[2026-05-28 17:33:13] production.INFO: SchedulerManifest: event command='php' 'artisan' bingwa:fetch-airtime-balance expression=*/30 * * * *  
[2026-05-28 17:33:13] production.DEBUG: Bingwa dashboard airtime cache hydrated. {"user_id":1,"has_balance":true,"checked_at":"2026-05-28T17:15:12+03:00"} 
[2026-05-28 17:33:22] production.DEBUG: BackgroundTasks: found 4 schedule event(s)  
[2026-05-28 17:33:22] production.INFO: SchedulerManifest: event command='php' 'artisan' bingwa:heartbeat expression=*/15 * * * *  
[2026-05-28 17:33:22] production.INFO: SchedulerManifest: event command='php' 'artisan' bingwa:sync-transactions expression=*/15 * * * *  
[2026-05-28 17:33:22] production.INFO: SchedulerManifest: event command='php' 'artisan' bingwa:process-auto-renewals expression=*/15 * * * *  
[2026-05-28 17:33:22] production.INFO: SchedulerManifest: event command='php' 'artisan' bingwa:fetch-airtime-balance expression=*/30 * * * *  
[2026-05-28 17:33:26] production.DEBUG: BackgroundTasks: found 4 schedule event(s)  
[2026-05-28 17:33:26] production.INFO: SchedulerManifest: event command='php' 'artisan' bingwa:heartbeat expression=*/15 * * * *  
[2026-05-28 17:33:26] production.INFO: SchedulerManifest: event command='php' 'artisan' bingwa:sync-transactions expression=*/15 * * * *  
[2026-05-28 17:33:26] production.INFO: SchedulerManifest: event command='php' 'artisan' bingwa:process-auto-renewals expression=*/15 * * * *  
[2026-05-28 17:33:26] production.INFO: SchedulerManifest: event command='php' 'artisan' bingwa:fetch-airtime-balance expression=*/30 * * * *  
[2026-05-28 17:33:26] production.DEBUG: Bingwa dashboard airtime cache hydrated. {"user_id":1,"has_balance":true,"checked_at":"2026-05-28T17:15:12+03:00"} 
[2026-05-28 17:33:33] production.DEBUG: BackgroundTasks: found 4 schedule event(s)  
[2026-05-28 17:33:33] production.INFO: SchedulerManifest: event command='php' 'artisan' bingwa:heartbeat expression=*/15 * * * *  
[2026-05-28 17:33:33] production.INFO: SchedulerManifest: event command='php' 'artisan' bingwa:sync-transactions expression=*/15 * * * *  
[2026-05-28 17:33:33] production.INFO: SchedulerManifest: event command='php' 'artisan' bingwa:process-auto-renewals expression=*/15 * * * *  
[2026-05-28 17:33:33] production.INFO: SchedulerManifest: event command='php' 'artisan' bingwa:fetch-airtime-balance expression=*/30 * * * *  
[2026-05-28 17:33:33] production.DEBUG: Bingwa dashboard airtime cache hydrated. {"user_id":1,"has_balance":true,"checked_at":"2026-05-28T17:15:12+03:00"} 
[2026-05-28 17:33:43] production.DEBUG: BackgroundTasks: found 4 schedule event(s)  
[2026-05-28 17:33:43] production.INFO: SchedulerManifest: event command='php' 'artisan' bingwa:heartbeat expression=*/15 * * * *  
[2026-05-28 17:33:43] production.INFO: SchedulerManifest: event command='php' 'artisan' bingwa:sync-transactions expression=*/15 * * * *  
[2026-05-28 17:33:43] production.INFO: SchedulerManifest: event command='php' 'artisan' bingwa:process-auto-renewals expression=*/15 * * * *  
[2026-05-28 17:33:43] production.INFO: SchedulerManifest: event command='php' 'artisan' bingwa:fetch-airtime-balance expression=*/30 * * * *  
[2026-05-28 17:33:43] production.DEBUG: Bingwa dashboard airtime cache hydrated. {"user_id":1,"has_balance":true,"checked_at":"2026-05-28T17:15:12+03:00"} 
